<?xml version="1.0" encoding="UTF-8"?>
<testsuite xmlns:xsi="http://www.w3.org/2001/XMLSchema-instance" xsi:noNamespaceSchemaLocation="https://maven.apache.org/surefire/maven-surefire-plugin/xsd/surefire-test-report-3.0.xsd" version="3.0" name="jmf.equation.TestEquationSecondDegre" time="0.05" tests="3" errors="0" skipped="0" failures="0">
  <properties>
[...]
</properties>
  <testcase name="testPasDeRacineReelle" classname="jmf.equation.TestEquationSecondDegre" time="0.004"/>
  <testcase name="test2Racines" classname="jmf.equation.TestEquationSecondDegre" time="0.0"/>
  <testcase name="test1Racine" classname="jmf.equation.TestEquationSecondDegre" time="0.0"/>
</testsuite>